<?xml version="1.0" encoding="UTF-8"?>
<testsuite xmlns:xsi="http://www.w3.org/2001/XMLSchema-instance" xsi:noNamespaceSchemaLocation="https://maven.apache.org/surefire/maven-surefire-plugin/xsd/surefire-test-report-3.0.xsd" version="3.0" name="com.groupeisi.keycloakspringboot3.KeycloakSpringBoot3ApplicationTests" time="8.494" tests="1" errors="0" skipped="0" failures="0">
  <properties>
[...]
</properties>
  <testcase name="contextLoads" classname="com.groupeisi.keycloakspringboot3.KeycloakSpringBoot3ApplicationTests" time="0.714">
    <system-out><![CDATA[21:36:50.284 [main] INFO org.springframework.test.context.support.AnnotationConfigContextLoaderUtils -- Could not detect default configuration classes for test class [com.groupeisi.keycloakspringboot3.KeycloakSpringBoot3ApplicationTests]: KeycloakSpringBoot3ApplicationTests does not declare any static, non-private, non-final, nested classes annotated with @Configuration.
21:36:50.384 [main] INFO org.springframework.boot.test.context.SpringBootTestContextBootstrapper -- Found @SpringBootConfiguration com.groupeisi.keycloakspringboot3.KeycloakSpringBoot3Application for test class com.groupeisi.keycloakspringboot3.KeycloakSpringBoot3ApplicationTests
21:36:50.507 [main] INFO org.springframework.boot.devtools.restart.RestartApplicationListener -- Restart disabled due to context in which it is running

  .   ____          _            __ _ _
 /\\ / ___'_ __ _ _(_)_ __  __ _ \ \ \ \
( ( )\___ | '_ | '_| | '_ \/ _` | \ \ \ \
 \\/  ___)| |_)| | | | | || (_| |  ) ) ) )
  '  |____| .__|_| |_|_| |_\__, | / / / /
 =========|_|==============|___/=/_/_/_/
 :: Spring Boot ::                (v3.2.4)

2024-04-13T21:36:50.882Z  INFO 143770 --- [keycloak-spring-boot-3] [           main] .g.k.KeycloakSpringBoot3ApplicationTests : Starting KeycloakSpringBoot3ApplicationTests using Java 17.0.10 with PID 143770 (started by mouhamed in /home/mouhamed/IdeaProjects/keycloak-with-spring-boot-angular/back-end-spring-boot)
2024-04-13T21:36:50.888Z  INFO 143770 --- [keycloak-spring-boot-3] [           main] .g.k.KeycloakSpringBoot3ApplicationTests : No active profile set, falling back to 1 default profile: "default"
2024-04-13T21:36:52.098Z  INFO 143770 --- [keycloak-spring-boot-3] [           main] .s.d.r.c.RepositoryConfigurationDelegate : Multiple Spring Data modules found, entering strict repository configuration mode
2024-04-13T21:36:52.101Z  INFO 143770 --- [keycloak-spring-boot-3] [           main] .s.d.r.c.RepositoryConfigurationDelegate : Bootstrapping Spring Data JPA repositories in DEFAULT mode.
2024-04-13T21:36:52.261Z  INFO 143770 --- [keycloak-spring-boot-3] [           main] .s.d.r.c.RepositoryConfigurationDelegate : Finished Spring Data repository scanning in 149 ms. Found 1 JPA repository interface.
2024-04-13T21:36:52.278Z  INFO 143770 --- [keycloak-spring-boot-3] [           main] .s.d.r.c.RepositoryConfigurationDelegate : Multiple Spring Data modules found, entering strict repository configuration mode
2024-04-13T21:36:52.280Z  INFO 143770 --- [keycloak-spring-boot-3] [           main] .s.d.r.c.RepositoryConfigurationDelegate : Bootstrapping Spring Data Redis repositories in DEFAULT mode.
2024-04-13T21:36:52.293Z  INFO 143770 --- [keycloak-spring-boot-3] [           main] .RepositoryConfigurationExtensionSupport : Spring Data Redis - Could not safely identify store assignment for repository candidate interface com.groupeisi.keycloakspringboot3.repository.SchoolRepository; If you want this repository to be a Redis repository, consider annotating your entities with one of these annotations: org.springframework.data.redis.core.RedisHash (preferred), or consider extending one of the following types with your repository: org.springframework.data.keyvalue.repository.KeyValueRepository
2024-04-13T21:36:52.293Z  INFO 143770 --- [keycloak-spring-boot-3] [           main] .s.d.r.c.RepositoryConfigurationDelegate : Finished Spring Data repository scanning in 5 ms. Found 0 Redis repository interfaces.
2024-04-13T21:36:53.017Z  INFO 143770 --- [keycloak-spring-boot-3] [           main] o.hibernate.jpa.internal.util.LogHelper  : HHH000204: Processing PersistenceUnitInfo [name: default]
2024-04-13T21:36:53.121Z  INFO 143770 --- [keycloak-spring-boot-3] [           main] org.hibernate.Version                    : HHH000412: Hibernate ORM core version 6.4.4.Final
2024-04-13T21:36:53.184Z  INFO 143770 --- [keycloak-spring-boot-3] [           main] o.h.c.internal.RegionFactoryInitiator    : HHH000026: Second-level cache disabled
2024-04-13T21:36:53.500Z  INFO 143770 --- [keycloak-spring-boot-3] [           main] o.s.o.j.p.SpringPersistenceUnitInfo      : No LoadTimeWeaver setup: ignoring JPA class transformer
2024-04-13T21:36:53.549Z  INFO 143770 --- [keycloak-spring-boot-3] [           main] com.zaxxer.hikari.HikariDataSource       : HikariPool-1 - Starting...
2024-04-13T21:36:53.871Z  INFO 143770 --- [keycloak-spring-boot-3] [           main] com.zaxxer.hikari.pool.HikariPool        : HikariPool-1 - Added connection org.postgresql.jdbc.PgConnection@3a54638b
2024-04-13T21:36:53.875Z  INFO 143770 --- [keycloak-spring-boot-3] [           main] com.zaxxer.hikari.HikariDataSource       : HikariPool-1 - Start completed.
2024-04-13T21:36:53.918Z  WARN 143770 --- [keycloak-spring-boot-3] [           main] org.hibernate.orm.deprecation            : HHH90000025: PostgreSQLDialect does not need to be specified explicitly using 'hibernate.dialect' (remove the property setting and it will be selected by default)
2024-04-13T21:36:55.260Z  INFO 143770 --- [keycloak-spring-boot-3] [           main] o.h.e.t.j.p.i.JtaPlatformInitiator       : HHH000489: No JTA platform available (set 'hibernate.transaction.jta.platform' to enable JTA platform integration)
Hibernate: drop table if exists school cascade
Hibernate: drop sequence if exists school_seq
Hibernate: create sequence school_seq start with 1 increment by 50
Hibernate: create table school (id bigint not null, email varchar(255), name varchar(255), primary key (id))
2024-04-13T21:36:55.301Z  INFO 143770 --- [keycloak-spring-boot-3] [           main] j.LocalContainerEntityManagerFactoryBean : Initialized JPA EntityManagerFactory for persistence unit 'default'
2024-04-13T21:36:55.785Z  WARN 143770 --- [keycloak-spring-boot-3] [           main] JpaBaseConfiguration$JpaWebConfiguration : spring.jpa.open-in-view is enabled by default. Therefore, database queries may be performed during view rendering. Explicitly configure spring.jpa.open-in-view to disable this warning
2024-04-13T21:36:56.637Z  INFO 143770 --- [keycloak-spring-boot-3] [           main] o.s.s.web.DefaultSecurityFilterChain     : Will secure any request with [org.springframework.security.web.session.DisableEncodeUrlFilter@3c3357c7, org.springframework.security.web.context.request.async.WebAsyncManagerIntegrationFilter@506d7fed, org.springframework.security.web.context.SecurityContextHolderFilter@4a84beb7, org.springframework.security.web.header.HeaderWriterFilter@15e881c0, org.springframework.web.filter.CorsFilter@1bdb6b36, org.springframework.security.web.authentication.logout.LogoutFilter@38276668, org.springframework.security.oauth2.server.resource.web.authentication.BearerTokenAuthenticationFilter@4d20cbb5, org.springframework.security.web.savedrequest.RequestCacheAwareFilter@46c093b4, org.springframework.security.web.servletapi.SecurityContextHolderAwareRequestFilter@4ff00844, org.springframework.security.web.authentication.AnonymousAuthenticationFilter@381d7c4c, org.springframework.security.web.session.SessionManagementFilter@449f9628, org.springframework.security.web.access.ExceptionTranslationFilter@3652dd19, org.springframework.security.web.access.intercept.AuthorizationFilter@c3e5e3c]
2024-04-13T21:36:57.755Z  INFO 143770 --- [keycloak-spring-boot-3] [           main] .g.k.KeycloakSpringBoot3ApplicationTests : Started KeycloakSpringBoot3ApplicationTests in 7.258 seconds (process running for 8.228)
Hibernate: select nextval('school_seq')
Hibernate: insert into school (email,name,id) values (?,?,?)
Hibernate: select nextval('school_seq')
Hibernate: insert into school (email,name,id) values (?,?,?)
Hibernate: insert into school (email,name,id) values (?,?,?)
Hibernate: insert into school (email,name,id) values (?,?,?)
Hibernate: insert into school (email,name,id) values (?,?,?)
]]></system-out>
  </testcase>
</testsuite>